# JRE version: Java(TM) SE Runtime Environment (9.0+11) (build 9.0.4+11)
# Java VM: Java HotSpot(TM) 64-Bit Server VM (9.0.4+11, mixed mode, tiered, compressed oops, g1 gc, windows-amd64)
Heap:
 garbage-first heap   total 339968K, used 151416K [0x0000000700000000, 0x0000000700100a60, 0x00000007c0000000)
  region size 1024K, 47 young (48128K), 3 survivors (3072K)
 Metaspace       used 85993K, capacity 91381K, committed 91724K, reserved 1128448K
  class space    used 11627K, capacity 12565K, committed 12672K, reserved 1048576K
GC Heap History (10 events):
Event: 1695.262 GC heap before
{Heap before GC invocations=727 (full 21):
 garbage-first heap   total 339968K, used 165473K [0x0000000700000000, 0x0000000700100a60, 0x00000007c0000000)
  region size 1024K, 60 young (61440K), 3 survivors (3072K)
 Metaspace       used 85956K, capacity 91305K, committed 91468K, reserved 1128448K
  class space    used 11623K, capacity 12563K, committed 12672K, reserved 1048576K
}
Event: 1695.268 GC heap after
{Heap after GC invocations=728 (full 21):
 garbage-first heap   total 339968K, used 107834K [0x0000000700000000, 0x0000000700100a60, 0x00000007c0000000)
  region size 1024K, 4 young (4096K), 4 survivors (4096K)
 Metaspace       used 85956K, capacity 91305K, committed 91468K, reserved 1128448K
  class space    used 11623K, capacity 12563K, committed 12672K, reserved 1048576K
}
Event: 1695.674 GC heap before
{Heap before GC invocations=728 (full 21):
 garbage-first heap   total 339968K, used 165178K [0x0000000700000000, 0x0000000700100a60, 0x00000007c0000000)
  region size 1024K, 60 young (61440K), 4 survivors (4096K)
 Metaspace       used 85957K, capacity 91305K, committed 91468K, reserved 1128448K
  class space    used 11623K, capacity 12563K, committed 12672K, reserved 1048576K
}
Event: 1695.679 GC heap after
{Heap after GC invocations=729 (full 21):
 garbage-first heap   total 339968K, used 107571K [0x0000000700000000, 0x0000000700100a60, 0x00000007c0000000)
  region size 1024K, 4 young (4096K), 4 survivors (4096K)
 Metaspace       used 85957K, capacity 91305K, committed 91468K, reserved 1128448K
  class space    used 11623K, capacity 12563K, committed 12672K, reserved 1048576K
}
Event: 1696.081 GC heap before
{Heap before GC invocations=729 (full 21):
 garbage-first heap   total 339968K, used 164915K [0x0000000700000000, 0x0000000700100a60, 0x00000007c0000000)
  region size 1024K, 60 young (61440K), 4 survivors (4096K)
 Metaspace       used 85958K, capacity 91305K, committed 91468K, reserved 1128448K
  class space    used 11623K, capacity 12563K, committed 12672K, reserved 1048576K
}
Event: 1696.086 GC heap after
{Heap after GC invocations=730 (full 21):
 garbage-first heap   total 339968K, used 107700K [0x0000000700000000, 0x0000000700100a60, 0x00000007c0000000)
  region size 1024K, 4 young (4096K), 4 survivors (4096K)
 Metaspace       used 85958K, capacity 91305K, committed 91468K, reserved 1128448K
  class space    used 11623K, capacity 12563K, committed 12672K, reserved 1048576K
}
Event: 1696.223 GC heap before
{Heap before GC invocations=730 (full 21):
 garbage-first heap   total 339968K, used 165044K [0x0000000700000000, 0x0000000700100a60, 0x00000007c0000000)
  region size 1024K, 60 young (61440K), 4 survivors (4096K)
 Metaspace       used 85964K, capacity 91305K, committed 91468K, reserved 1128448K
  class space    used 11623K, capacity 12563K, committed 12672K, reserved 1048576K
}
Event: 1696.227 GC heap after
{Heap after GC invocations=731 (full 21):
 garbage-first heap   total 339968K, used 107414K [0x0000000700000000, 0x0000000700100a60, 0x00000007c0000000)
  region size 1024K, 4 young (4096K), 4 survivors (4096K)
 Metaspace       used 85964K, capacity 91305K, committed 91468K, reserved 1128448K
  class space    used 11623K, capacity 12563K, committed 12672K, reserved 1048576K
}
Event: 1696.542 GC heap before
{Heap before GC invocations=731 (full 21):
 garbage-first heap   total 339968K, used 164758K [0x0000000700000000, 0x0000000700100a60, 0x00000007c0000000)
  region size 1024K, 60 young (61440K), 4 survivors (4096K)
 Metaspace       used 85979K, capacity 91369K, committed 91724K, reserved 1128448K
  class space    used 11623K, capacity 12563K, committed 12672K, reserved 1048576K
}
Event: 1696.547 GC heap after
{Heap after GC invocations=732 (full 21):
 garbage-first heap   total 339968K, used 107384K [0x0000000700000000, 0x0000000700100a60, 0x00000007c0000000)
  region size 1024K, 3 young (3072K), 3 survivors (3072K)
 Metaspace       used 85979K, capacity 91369K, committed 91724K, reserved 1128448K
  class space    used 11623K, capacity 12563K, committed 12672K, reserved 1048576K
}

